[govindcodes.github.io/ValentineWish/index.html]
[backblue.gif]
[fade.gif]
[index.html]
[govindcodes.github.io/ValentineWish/img/heart.svg]
[govindcodes.github.io/ValentineWish/style/style.css]
[govindcodes.github.io/ValentineWish/img/vector.jpg]
[govindcodes.github.io/ValentineWish/img/balloon.svg]
[govindcodes.github.io/ValentineWish/img/smiling.svg]
[govindcodes.github.io/ValentineWish/img/music-note.svg]
[govindcodes.github.io/ValentineWish/img/happy.svg]
[unpkg.com/babel-standalone@6.26.0/babel.min.js]
[cdnjs.cloudflare.com/ajax/libs/gsap/1.20.3/TweenMax.min.js]
[govindcodes.github.io/ValentineWish/index.html]
[govindcodes.github.io/ValentineWish/script/main.js]
[govindcodes.github.io/ValentineWish/img/heart.svg]
[govindcodes.github.io/ValentineWish/style/style.css]
[govindcodes.github.io/ValentineWish/img/balloon.svg]
[govindcodes.github.io/ValentineWish/img/smiling.svg]
[govindcodes.github.io/ValentineWish/img/music-note.svg]
[govindcodes.github.io/ValentineWish/img/happy.svg]
